<?xml version="1.0" encoding="UTF-8"?>
<!-- Generated by org.testng.reporters.JUnitReportReporter -->
<testsuite hostname="panther-tranglt3" failures="0" tests="3" name="com.training.demo.feature.ManageCustomer" time="25.744" errors="0" timestamp="2022-11-29T18:32:59 ICT" skipped="0">
  <testcase classname="com.training.demo.feature.ManageCustomer" name="TC03_NewCustomer" time="8.160"/>
  <system-out/>
  <testcase classname="com.training.demo.feature.ManageCustomer" name="TC01_Register" time="10.858"/>
  <system-out/>
  <testcase classname="com.training.demo.feature.ManageCustomer" name="TC02_Login" time="6.726"/>
  <system-out/>
</testsuite> <!-- com.training.demo.feature.ManageCustomer -->
