<?xml version="1.0" encoding="UTF-8"?>
<!-- Generated by org.testng.reporters.JUnitReportReporter -->
<testsuite hostname="DESKTOP-G0I3496" failures="0" tests="3" name="com.training.demo.feature.ManageCustomer" time="33.611" errors="0" timestamp="2022-12-04T17:55:52 ICT" skipped="0">
  <testcase classname="com.training.demo.feature.ManageCustomer" name="TC01_Register" time="16.086"/>
  <system-out/>
  <testcase classname="com.training.demo.feature.ManageCustomer" name="TC03_NewCustomer" time="9.880"/>
  <system-out/>
  <testcase classname="com.training.demo.feature.ManageCustomer" name="TC02_Login" time="7.645"/>
  <system-out/>
</testsuite> <!-- com.training.demo.feature.ManageCustomer -->
